2013-10-29 19:38:14,454 ERROR [main] - System.err - [ch.epfl.insynth] error can't determine modifiers of missing type org.eclipse.jdt.internal.junit.launcher.TestKind
when processing type mungers ch.epfl.insynth.core.completion.InsynthCompletionProposalComputer
when processing type mungers 
when weaving 
 [Xlint:cantFindType]
2013-10-29 19:38:14,458 ERROR [main] - System.err - [ch.epfl.insynth] error can't determine modifiers of missing type org.eclipse.ui.wizards.datatransfer.IImportStructureProvider
when processing type mungers ch.epfl.insynth.core.completion.InsynthCompletionProposalComputer
when processing type mungers 
when weaving 
 [Xlint:cantFindType]
2013-10-29 19:38:14,460 ERROR [main] - System.err - [ch.epfl.insynth] error can't determine modifiers of missing type org.eclipse.jdt.internal.debug.ui.JDIModelPresentation
when processing type mungers ch.epfl.insynth.core.completion.InsynthCompletionProposalComputer
when processing type mungers 
when weaving 
 [Xlint:cantFindType]
2013-10-29 19:38:14,461 ERROR [main] - System.err - [ch.epfl.insynth] error can't determine modifiers of missing type org.eclipse.jdt.internal.debug.ui.BreakpointMarkerUpdater
when processing type mungers ch.epfl.insynth.core.completion.InsynthCompletionProposalComputer
when processing type mungers 
when weaving 
 [Xlint:cantFindType]
2013-10-29 19:38:14,463 ERROR [main] - System.err - [ch.epfl.insynth] error can't determine modifiers of missing type org.eclipse.jdt.junit.launcher.JUnitLaunchConfigurationTab
when weaving type ch.epfl.insynth.core.completion.InsynthCompletionProposalComputer
when weaving classes 
when weaving 
 [Xlint:cantFindType]
2013-10-29 19:38:14,464 ERROR [main] - System.err - [ch.epfl.insynth] error can't determine modifiers of missing type org.eclipse.debug.core.sourcelookup.AbstractSourceLookupDirector
when weaving type ch.epfl.insynth.core.completion.InsynthCompletionProposalComputer
when weaving classes 
when weaving 
 [Xlint:cantFindType]
2013-10-29 19:38:14,466 ERROR [main] - System.err - [ch.epfl.insynth] error can't determine modifiers of missing type org.eclipse.pde.internal.ui.wizards.imports.PluginImportHelper
when weaving type ch.epfl.insynth.core.completion.InsynthCompletionProposalComputer
when weaving classes 
when weaving 
 [Xlint:cantFindType]
2013-10-29 19:38:14,466 ERROR [main] - System.err - [ch.epfl.insynth] error can't determine modifiers of missing type org.eclipse.jdt.internal.debug.ui.JDIModelPresentation
when weaving type ch.epfl.insynth.core.completion.InsynthCompletionProposalComputer
when weaving classes 
when weaving 
 [Xlint:cantFindType]
2013-10-29 19:38:14,467 ERROR [main] - System.err - [ch.epfl.insynth] error can't determine modifiers of missing type org.eclipse.jdt.internal.debug.ui.BreakpointMarkerUpdater
when weaving type ch.epfl.insynth.core.completion.InsynthCompletionProposalComputer
when weaving classes 
when weaving 
 [Xlint:cantFindType]
2013-10-29 19:38:14,467 ERROR [main] - System.err - [ch.epfl.insynth] error can't determine modifiers of missing type org.eclipse.jdt.internal.launching.JavaLaunchableTester
when weaving type ch.epfl.insynth.core.completion.InsynthCompletionProposalComputer
when weaving classes 
when weaving 
 [Xlint:cantFindType]
2013-10-29 19:38:14,467 ERROR [main] - System.err - [ch.epfl.insynth] error can't determine modifiers of missing type org.eclipse.jdt.internal.launching.JavaLaunchableTester
when weaving type ch.epfl.insynth.core.completion.InsynthCompletionProposalComputer
when weaving classes 
when weaving 
 [Xlint:cantFindType]
2013-10-31 12:13:02,374 ERROR [main] - System.err - [ch.epfl.insynth] error can't determine modifiers of missing type org.eclipse.jdt.internal.junit.launcher.TestKind
when processing type mungers ch.epfl.insynth.core.completion.InsynthCompletionProposalComputer
when processing type mungers 
when weaving 
 [Xlint:cantFindType]
2013-10-31 12:13:02,409 ERROR [main] - System.err - [ch.epfl.insynth] error can't determine modifiers of missing type org.eclipse.ui.wizards.datatransfer.IImportStructureProvider
when processing type mungers ch.epfl.insynth.core.completion.InsynthCompletionProposalComputer
when processing type mungers 
when weaving 
 [Xlint:cantFindType]
2013-10-31 12:13:02,411 ERROR [main] - System.err - [ch.epfl.insynth] error can't determine modifiers of missing type org.eclipse.jdt.internal.debug.ui.JDIModelPresentation
when processing type mungers ch.epfl.insynth.core.completion.InsynthCompletionProposalComputer
when processing type mungers 
when weaving 
 [Xlint:cantFindType]
2013-10-31 12:13:02,412 ERROR [main] - System.err - [ch.epfl.insynth] error can't determine modifiers of missing type org.eclipse.jdt.internal.debug.ui.BreakpointMarkerUpdater
when processing type mungers ch.epfl.insynth.core.completion.InsynthCompletionProposalComputer
when processing type mungers 
when weaving 
 [Xlint:cantFindType]
2013-10-31 12:13:02,416 ERROR [main] - System.err - [ch.epfl.insynth] error can't determine modifiers of missing type org.eclipse.jdt.junit.launcher.JUnitLaunchConfigurationTab
when weaving type ch.epfl.insynth.core.completion.InsynthCompletionProposalComputer
when weaving classes 
when weaving 
 [Xlint:cantFindType]
2013-10-31 12:13:02,417 ERROR [main] - System.err - [ch.epfl.insynth] error can't determine modifiers of missing type org.eclipse.debug.core.sourcelookup.AbstractSourceLookupDirector
when weaving type ch.epfl.insynth.core.completion.InsynthCompletionProposalComputer
when weaving classes 
when weaving 
 [Xlint:cantFindType]
2013-10-31 12:13:02,420 ERROR [main] - System.err - [ch.epfl.insynth] error can't determine modifiers of missing type org.eclipse.pde.internal.ui.wizards.imports.PluginImportHelper
when weaving type ch.epfl.insynth.core.completion.InsynthCompletionProposalComputer
when weaving classes 
when weaving 
 [Xlint:cantFindType]
2013-10-31 12:13:02,421 ERROR [main] - System.err - [ch.epfl.insynth] error can't determine modifiers of missing type org.eclipse.jdt.internal.debug.ui.JDIModelPresentation
when weaving type ch.epfl.insynth.core.completion.InsynthCompletionProposalComputer
when weaving classes 
when weaving 
 [Xlint:cantFindType]
2013-10-31 12:13:02,422 ERROR [main] - System.err - [ch.epfl.insynth] error can't determine modifiers of missing type org.eclipse.jdt.internal.debug.ui.BreakpointMarkerUpdater
when weaving type ch.epfl.insynth.core.completion.InsynthCompletionProposalComputer
when weaving classes 
when weaving 
 [Xlint:cantFindType]
2013-10-31 12:13:02,422 ERROR [main] - System.err - [ch.epfl.insynth] error can't determine modifiers of missing type org.eclipse.jdt.internal.launching.JavaLaunchableTester
when weaving type ch.epfl.insynth.core.completion.InsynthCompletionProposalComputer
when weaving classes 
when weaving 
 [Xlint:cantFindType]
2013-10-31 12:13:02,423 ERROR [main] - System.err - [ch.epfl.insynth] error can't determine modifiers of missing type org.eclipse.jdt.internal.launching.JavaLaunchableTester
when weaving type ch.epfl.insynth.core.completion.InsynthCompletionProposalComputer
when weaving classes 
when weaving 
 [Xlint:cantFindType]
